<?xml version="1.0" encoding="utf-8" standalone="no"?>
<test-run id="2" testcasecount="7" result="Failed" total="7" passed="1" failed="6" inconclusive="0" skipped="0" asserts="1" engine-version="3.7.0.0" clr-version="4.0.30319.42000" start-time="2018-01-17 17:16:17Z" end-time="2018-01-17 17:16:19Z" duration="2.755446">
  <command-line><![CDATA["C:/Dev/R&D/DynamicIntegration/Integration-Console/Terra-integration/IntegrationUnitTest/AutoRunner/tools/NUnit.ConsoleRunner.3.7.0/tools/nunit3-console.exe" "C:/Dev/Sibur_D/Sibur_D/SiburTests/bin/Debug/SiburTests.dll" "--out=c:/WebApp/Sibur711_D/Terrasoft.WebApp/Terrasoft.Configuration/TestResult/2018-01-17_07-16-16-PM.xml"]]></command-line>
  <test-suite type="Assembly" id="0-1012" name="SiburTests.dll" fullname="C:\Dev\Sibur_D\Sibur_D\SiburTests\bin\Debug\SiburTests.dll" runstate="Runnable" testcasecount="7" result="Failed" site="Child" start-time="2018-01-17 17:16:17Z" end-time="2018-01-17 17:16:19Z" duration="2.160955" total="7" passed="1" failed="6" warnings="0" inconclusive="0" skipped="0" asserts="1">
    <environment framework-version="3.9.0.0" clr-version="4.0.30319.42000" os-version="Microsoft Windows NT 10.0.16299.0" platform="Win32NT" cwd="C:\Dev\R&amp;D\DynamicIntegration\Integration-Console\Terra-integration\IntegrationUnitTest\AutoRunner" machine-name="A_MYKULYCH" user="A.Mykulych" user-domain="TSCRM" culture="ru-UA" uiculture="ru-RU" os-architecture="x64" />
    <settings>
      <setting name="DisposeRunners" value="True" />
      <setting name="WorkDirectory" value="C:\Dev\R&amp;D\DynamicIntegration\Integration-Console\Terra-integration\IntegrationUnitTest\AutoRunner" />
      <setting name="ImageRuntimeVersion" value="4.0.30319" />
      <setting name="ImageTargetFrameworkName" value=".NETFramework,Version=v4.6.2" />
      <setting name="ImageRequiresX86" value="False" />
      <setting name="ImageRequiresDefaultAppDomainAssemblyResolver" value="False" />
      <setting name="NumberOfTestWorkers" value="4" />
    </settings>
    <properties>
      <property name="_PID" value="16228" />
      <property name="_APPDOMAIN" value="domain-" />
    </properties>
    <failure>
      <message><![CDATA[One or more child tests had errors]]></message>
    </failure>
    <test-suite type="SetUpFixture" id="0-1000" name="SiburTests" fullname="SiburTests.Setuper" classname="SiburTests.Setuper" runstate="Runnable" testcasecount="7" result="Failed" site="Child" start-time="2018-01-17 17:16:17Z" end-time="2018-01-17 17:16:19Z" duration="2.142606" total="7" passed="1" failed="6" warnings="0" inconclusive="0" skipped="0" asserts="1">
      <failure>
        <message><![CDATA[One or more child tests had errors]]></message>
      </failure>
      <output><![CDATA[
]]></output>
      <test-suite type="TestSuite" id="0-1015" name="Calculator" fullname="SiburTests.Calculator" runstate="Runnable" testcasecount="6" result="Failed" site="Child" start-time="2018-01-17 17:16:18Z" end-time="2018-01-17 17:16:19Z" duration="0.422712" total="6" passed="1" failed="5" warnings="0" inconclusive="0" skipped="0" asserts="1">
        <failure>
          <message><![CDATA[One or more child tests had errors]]></message>
        </failure>
        <test-suite type="TestFixture" id="0-1003" name="LaborCostCalculatorTest" fullname="SiburTests.Calculator.LaborCostCalculatorTest" classname="SiburTests.Calculator.LaborCostCalculatorTest" runstate="Runnable" testcasecount="4" result="Failed" site="Child" start-time="2018-01-17 17:16:18Z" end-time="2018-01-17 17:16:18Z" duration="0.244874" total="4" passed="0" failed="4" warnings="0" inconclusive="0" skipped="0" asserts="0">
          <failure>
            <message><![CDATA[One or more child tests had errors]]></message>
          </failure>
          <test-suite type="ParameterizedMethod" id="0-1008" name="Calculation" fullname="SiburTests.Calculator.LaborCostCalculatorTest.Calculation" classname="SiburTests.Calculator.LaborCostCalculatorTest" runstate="Runnable" testcasecount="4" result="Failed" site="Child" start-time="2018-01-17 17:16:18Z" end-time="2018-01-17 17:16:18Z" duration="0.243324" total="4" passed="0" failed="4" warnings="0" inconclusive="0" skipped="0" asserts="0">
            <failure>
              <message><![CDATA[One or more child tests had errors]]></message>
            </failure>
            <test-case id="0-1004" name="Calculation(363.604306046201d,231.305862141916d,85)" fullname="SiburTests.Calculator.LaborCostCalculatorTest.Calculation(363.604306046201d,231.305862141916d,85)" methodname="Calculation" classname="SiburTests.Calculator.LaborCostCalculatorTest" runstate="Runnable" seed="984709309" result="Failed" label="Error" start-time="2018-01-17 17:16:18Z" end-time="2018-01-17 17:16:18Z" duration="0.215949" asserts="0">
              <failure>
                <message><![CDATA[System.Reflection.ReflectionTypeLoadException : Unable to load one or more of the requested types. Retrieve the LoaderExceptions property for more information.
  ----> System.BadImageFormatException : Could not load file or assembly 'SharpSvn, Version=1.8017.3940.496, Culture=neutral, PublicKeyToken=d729672594885a28' or one of its dependencies. Была сделана попытка загрузить программу, имеющую неверный формат.
  ----> System.BadImageFormatException : Could not load file or assembly 'SharpSvn, Version=1.8017.3940.496, Culture=neutral, PublicKeyToken=d729672594885a28' or one of its dependencies. Была сделана попытка загрузить программу, имеющую неверный формат.
  ----> System.BadImageFormatException : Could not load file or assembly 'SharpSvn, Version=1.8017.3940.496, Culture=neutral, PublicKeyToken=d729672594885a28' or one of its dependencies. Была сделана попытка загрузить программу, имеющую неверный формат.
  ----> System.BadImageFormatException : Could not load file or assembly 'SharpSvn, Version=1.8017.3940.496, Culture=neutral, PublicKeyToken=d729672594885a28' or one of its dependencies. Была сделана попытка загрузить программу, имеющую неверный формат.
  ----> System.BadImageFormatException : Could not load file or assembly 'SharpSvn, Version=1.8017.3940.496, Culture=neutral, PublicKeyToken=d729672594885a28' or one of its dependencies. Была сделана попытка загрузить программу, имеющую неверный формат.
  ----> System.BadImageFormatException : Could not load file or assembly 'SharpSvn, Version=1.8017.3940.496, Culture=neutral, PublicKeyToken=d729672594885a28' or one of its dependencies. Была сделана попытка загрузить программу, имеющую неверный формат.
  ----> System.BadImageFormatException : Could not load file or assembly 'SharpSvn, Version=1.8017.3940.496, Culture=neutral, PublicKeyToken=d729672594885a28' or one of its dependencies. Была сделана попытка загрузить программу, имеющую неверный формат.
  ----> System.BadImageFormatException : Could not load file or assembly 'SharpSvn, Version=1.8017.3940.496, Culture=neutral, PublicKeyToken=d729672594885a28' or one of its dependencies. Была сделана попытка загрузить программу, имеющую неверный формат.
  ----> System.BadImageFormatException : Could not load file or assembly 'SharpSvn, Version=1.8009.3299.43, Culture=neutral, PublicKeyToken=d729672594885a28' or one of its dependencies. Была сделана попытка загрузить программу, имеющую неверный формат.
  ----> System.BadImageFormatException : Could not load file or assembly 'SharpSvn, Version=1.8009.3299.43, Culture=neutral, PublicKeyToken=d729672594885a28' or one of its dependencies. Была сделана попытка загрузить программу, имеющую неверный формат.
  ----> System.BadImageFormatException : Could not load file or assembly 'SharpSvn, Version=1.8009.3299.43, Culture=neutral, PublicKeyToken=d729672594885a28' or one of its dependencies. Была сделана попытка загрузить программу, имеющую неверный формат.
  ----> System.BadImageFormatException : Could not load file or assembly 'SharpSvn, Version=1.8009.3299.43, Culture=neutral, PublicKeyToken=d729672594885a28' or one of its dependencies. Была сделана попытка загрузить программу, имеющую неверный формат.
  ----> System.BadImageFormatException : Could not load file or assembly 'SharpSvn, Version=1.8009.3299.43, Culture=neutral, PublicKeyToken=d729672594885a28' or one of its dependencies. Была сделана попытка загрузить программу, имеющую неверный формат.
  ----> System.BadImageFormatException : Could not load file or assembly 'SharpSvn, Version=1.8009.3299.43, Culture=neutral, PublicKeyToken=d729672594885a28' or one of its dependencies. Была сделана попытка загрузить программу, имеющую неверный формат.
  ----> System.BadImageFormatException : Could not load file or assembly 'SharpSvn, Version=1.8009.3299.43, Culture=neutral, PublicKeyToken=d729672594885a28' or one of its dependencies. Была сделана попытка загрузить программу, имеющую неверный формат.
  ----> System.BadImageFormatException : Could not load file or assembly 'SharpSvn, Version=1.8009.3299.43, Culture=neutral, PublicKeyToken=d729672594885a28' or one of its dependencies. Была сделана попытка загрузить программу, имеющую неверный формат.]]></message>
                <stack-trace><![CDATA[   at System.Reflection.RuntimeModule.GetTypes(RuntimeModule module)
   at System.Reflection.Assembly.GetTypes()
   at Terrasoft.Common.ReflectionUtilities.FindTypeByShortName(Assembly assembly, String name)
   at Terrasoft.Core.SchemaManagerItem`1.get_TypeName()
   at Terrasoft.Core.SchemaManager`1.InitializeCoreSchemaLocalizableValues(ISchemaManagerItem`1 schemaManagerItem)
   at Terrasoft.Core.SchemaManager`1.AddCoreSchema(Guid uid, String name, Guid parenSchemaUId, Assembly assembly, Guid[] referenceSchemaUIds)
   at Terrasoft.Core.Entities.SystemEntitySchemaManager.InitializeItems()
   at Terrasoft.Core.Entities.EntitySchemaManager.Initialize(SchemaManagerProvider provider, SchemaManagerProviderConfigurationElement configuration)
   at Terrasoft.Core.SchemaManagerProvider.InitializeSystemSchemaManager(String systemSchemaManagerName)
   at Terrasoft.Core.SchemaManagerProvider.InitializeSchemaManager(String managerName)
   at Terrasoft.Core.SchemaManagerProvider.GetManager(String managerName)
   at Terrasoft.Core.Entities.Entity.get_EntitySchemaManager()
   at Terrasoft.Core.Entities.Entity.get_Schema()
   at Terrasoft.Core.Entities.Entity.get_ColumnValues()
   at Terrasoft.Core.Entities.Entity.IsColumnValueLoaded(String valueName)
   at Terrasoft.Core.SchemaManager`1.InitializeItems(Guid itemUId)
   at Terrasoft.Core.SchemaManager`1.InitializeItems()
   at Terrasoft.Core.Entities.EntitySchemaManager.Initialize(SchemaManagerProvider provider, SchemaManagerProviderConfigurationElement configuration)
   at Terrasoft.Core.SchemaManagerProvider.InitializeSchemaManager(String managerName)
   at Terrasoft.Core.SchemaManagerProvider.GetManager(String managerName)
   at Terrasoft.Core.UserConnection.get_EntitySchemaManager()
   at SiburTests.Helper.WorkOrderCreator.CreateWorkOrderWithRandowPlanFact(Decimal plan, Decimal fact) in C:\Dev\Sibur_D\Sibur_D\SiburTests\Helper\WorkOrderCreator.cs:line 67
   at SiburTests.Helper.WorkOrderCreator.createWorkOrdersWithRandomPlanFact(Decimal plan, Decimal fact, Int32 step, Int32 count) in C:\Dev\Sibur_D\Sibur_D\SiburTests\Helper\WorkOrderCreator.cs:line 57
   at SiburTests.Helper.WorkOrderCreator.CreateNewWorkWithWorkOrder(Decimal plan, Decimal fact, Int32 step, Int32 count) in C:\Dev\Sibur_D\Sibur_D\SiburTests\Helper\WorkOrderCreator.cs:line 15
   at SiburTests.Calculator.LaborCostCalculatorTest.<>c__DisplayClass0_0.<Calculation>b__0() in C:\Dev\Sibur_D\Sibur_D\SiburTests\Calculator\LaborCostCalculatorTest.cs:line 27
   at Sibur_D.Core.Connection.ConnectionProvider.DoWith[T](Object connection, Func`1 predicate, T defaultValue, Action`1 onErrorAction) in C:\Dev\Sibur_D\Sibur_D\Sibur_D\Core\Connection\ConnectionProvider.cs:line 102
   at SiburTests.Calculator.LaborCostCalculatorTest.Calculation(Double plan, Double fact, Int32 step) in C:\Dev\Sibur_D\Sibur_D\SiburTests\Calculator\LaborCostCalculatorTest.cs:line 25
--BadImageFormatException

--BadImageFormatException

--BadImageFormatException

--BadImageFormatException

--BadImageFormatException

--BadImageFormatException

--BadImageFormatException

--BadImageFormatException

--BadImageFormatException

--BadImageFormatException

--BadImageFormatException

--BadImageFormatException

--BadImageFormatException

--BadImageFormatException

--BadImageFormatException

--BadImageFormatException
]]></stack-trace>
              </failure>
            </test-case>
            <test-case id="0-1005" name="Calculation(363.604306046201d,297.963877347281d,85)" fullname="SiburTests.Calculator.LaborCostCalculatorTest.Calculation(363.604306046201d,297.963877347281d,85)" methodname="Calculation" classname="SiburTests.Calculator.LaborCostCalculatorTest" runstate="Runnable" seed="1949674693" result="Failed" label="Error" start-time="2018-01-17 17:16:18Z" end-time="2018-01-17 17:16:18Z" duration="0.005543" asserts="0">
              <failure>
                <message><![CDATA[System.Reflection.ReflectionTypeLoadException : Unable to load one or more of the requested types. Retrieve the LoaderExceptions property for more information.
  ----> System.BadImageFormatException : Could not load file or assembly 'SharpSvn, Version=1.8017.3940.496, Culture=neutral, PublicKeyToken=d729672594885a28' or one of its dependencies. Была сделана попытка загрузить программу, имеющую неверный формат.
  ----> System.BadImageFormatException : Could not load file or assembly 'SharpSvn, Version=1.8017.3940.496, Culture=neutral, PublicKeyToken=d729672594885a28' or one of its dependencies. Была сделана попытка загрузить программу, имеющую неверный формат.
  ----> System.BadImageFormatException : Could not load file or assembly 'SharpSvn, Version=1.8017.3940.496, Culture=neutral, PublicKeyToken=d729672594885a28' or one of its dependencies. Была сделана попытка загрузить программу, имеющую неверный формат.
  ----> System.BadImageFormatException : Could not load file or assembly 'SharpSvn, Version=1.8017.3940.496, Culture=neutral, PublicKeyToken=d729672594885a28' or one of its dependencies. Была сделана попытка загрузить программу, имеющую неверный формат.
  ----> System.BadImageFormatException : Could not load file or assembly 'SharpSvn, Version=1.8017.3940.496, Culture=neutral, PublicKeyToken=d729672594885a28' or one of its dependencies. Была сделана попытка загрузить программу, имеющую неверный формат.
  ----> System.BadImageFormatException : Could not load file or assembly 'SharpSvn, Version=1.8017.3940.496, Culture=neutral, PublicKeyToken=d729672594885a28' or one of its dependencies. Была сделана попытка загрузить программу, имеющую неверный формат.
  ----> System.BadImageFormatException : Could not load file or assembly 'SharpSvn, Version=1.8017.3940.496, Culture=neutral, PublicKeyToken=d729672594885a28' or one of its dependencies. Была сделана попытка загрузить программу, имеющую неверный формат.
  ----> System.BadImageFormatException : Could not load file or assembly 'SharpSvn, Version=1.8017.3940.496, Culture=neutral, PublicKeyToken=d729672594885a28' or one of its dependencies. Была сделана попытка загрузить программу, имеющую неверный формат.
  ----> System.BadImageFormatException : Could not load file or assembly 'SharpSvn, Version=1.8009.3299.43, Culture=neutral, PublicKeyToken=d729672594885a28' or one of its dependencies. Была сделана попытка загрузить программу, имеющую неверный формат.
  ----> System.BadImageFormatException : Could not load file or assembly 'SharpSvn, Version=1.8009.3299.43, Culture=neutral, PublicKeyToken=d729672594885a28' or one of its dependencies. Была сделана попытка загрузить программу, имеющую неверный формат.
  ----> System.BadImageFormatException : Could not load file or assembly 'SharpSvn, Version=1.8009.3299.43, Culture=neutral, PublicKeyToken=d729672594885a28' or one of its dependencies. Была сделана попытка загрузить программу, имеющую неверный формат.
  ----> System.BadImageFormatException : Could not load file or assembly 'SharpSvn, Version=1.8009.3299.43, Culture=neutral, PublicKeyToken=d729672594885a28' or one of its dependencies. Была сделана попытка загрузить программу, имеющую неверный формат.
  ----> System.BadImageFormatException : Could not load file or assembly 'SharpSvn, Version=1.8009.3299.43, Culture=neutral, PublicKeyToken=d729672594885a28' or one of its dependencies. Была сделана попытка загрузить программу, имеющую неверный формат.
  ----> System.BadImageFormatException : Could not load file or assembly 'SharpSvn, Version=1.8009.3299.43, Culture=neutral, PublicKeyToken=d729672594885a28' or one of its dependencies. Была сделана попытка загрузить программу, имеющую неверный формат.
  ----> System.BadImageFormatException : Could not load file or assembly 'SharpSvn, Version=1.8009.3299.43, Culture=neutral, PublicKeyToken=d729672594885a28' or one of its dependencies. Была сделана попытка загрузить программу, имеющую неверный формат.
  ----> System.BadImageFormatException : Could not load file or assembly 'SharpSvn, Version=1.8009.3299.43, Culture=neutral, PublicKeyToken=d729672594885a28' or one of its dependencies. Была сделана попытка загрузить программу, имеющую неверный формат.]]></message>
                <stack-trace><![CDATA[   at System.Reflection.RuntimeModule.GetTypes(RuntimeModule module)
   at System.Reflection.Assembly.GetTypes()
   at Terrasoft.Common.ReflectionUtilities.FindTypeByShortName(Assembly assembly, String name)
   at Terrasoft.Core.SchemaManagerItem`1.get_TypeName()
   at Terrasoft.Core.SchemaManager`1.InitializeCoreSchemaLocalizableValues(ISchemaManagerItem`1 schemaManagerItem)
   at Terrasoft.Core.SchemaManager`1.AddCoreSchema(Guid uid, String name, Guid parenSchemaUId, Assembly assembly, Guid[] referenceSchemaUIds)
   at Terrasoft.Core.Entities.SystemEntitySchemaManager.InitializeItems()
   at Terrasoft.Core.Entities.EntitySchemaManager.Initialize(SchemaManagerProvider provider, SchemaManagerProviderConfigurationElement configuration)
   at Terrasoft.Core.SchemaManagerProvider.InitializeSystemSchemaManager(String systemSchemaManagerName)
   at Terrasoft.Core.SchemaManagerProvider.InitializeSchemaManager(String managerName)
   at Terrasoft.Core.SchemaManagerProvider.GetManager(String managerName)
   at Terrasoft.Core.Entities.Entity.get_EntitySchemaManager()
   at Terrasoft.Core.Entities.Entity.get_Schema()
   at Terrasoft.Core.Entities.Entity.get_ColumnValues()
   at Terrasoft.Core.Entities.Entity.IsColumnValueLoaded(String valueName)
   at Terrasoft.Core.SchemaManager`1.InitializeItems(Guid itemUId)
   at Terrasoft.Core.SchemaManager`1.InitializeItems()
   at Terrasoft.Core.Entities.EntitySchemaManager.Initialize(SchemaManagerProvider provider, SchemaManagerProviderConfigurationElement configuration)
   at Terrasoft.Core.SchemaManagerProvider.InitializeSchemaManager(String managerName)
   at Terrasoft.Core.SchemaManagerProvider.GetManager(String managerName)
   at Terrasoft.Core.UserConnection.get_EntitySchemaManager()
   at SiburTests.Helper.WorkOrderCreator.CreateWorkOrderWithRandowPlanFact(Decimal plan, Decimal fact) in C:\Dev\Sibur_D\Sibur_D\SiburTests\Helper\WorkOrderCreator.cs:line 67
   at SiburTests.Helper.WorkOrderCreator.createWorkOrdersWithRandomPlanFact(Decimal plan, Decimal fact, Int32 step, Int32 count) in C:\Dev\Sibur_D\Sibur_D\SiburTests\Helper\WorkOrderCreator.cs:line 57
   at SiburTests.Helper.WorkOrderCreator.CreateNewWorkWithWorkOrder(Decimal plan, Decimal fact, Int32 step, Int32 count) in C:\Dev\Sibur_D\Sibur_D\SiburTests\Helper\WorkOrderCreator.cs:line 15
   at SiburTests.Calculator.LaborCostCalculatorTest.<>c__DisplayClass0_0.<Calculation>b__0() in C:\Dev\Sibur_D\Sibur_D\SiburTests\Calculator\LaborCostCalculatorTest.cs:line 27
   at Sibur_D.Core.Connection.ConnectionProvider.DoWith[T](Object connection, Func`1 predicate, T defaultValue, Action`1 onErrorAction) in C:\Dev\Sibur_D\Sibur_D\Sibur_D\Core\Connection\ConnectionProvider.cs:line 102
   at SiburTests.Calculator.LaborCostCalculatorTest.Calculation(Double plan, Double fact, Int32 step) in C:\Dev\Sibur_D\Sibur_D\SiburTests\Calculator\LaborCostCalculatorTest.cs:line 25
--BadImageFormatException

--BadImageFormatException

--BadImageFormatException

--BadImageFormatException

--BadImageFormatException

--BadImageFormatException

--BadImageFormatException

--BadImageFormatException

--BadImageFormatException

--BadImageFormatException

--BadImageFormatException

--BadImageFormatException

--BadImageFormatException

--BadImageFormatException

--BadImageFormatException

--BadImageFormatException
]]></stack-trace>
              </failure>
            </test-case>
            <test-case id="0-1006" name="Calculation(62.3773068866587d,231.305862141916d,85)" fullname="SiburTests.Calculator.LaborCostCalculatorTest.Calculation(62.3773068866587d,231.305862141916d,85)" methodname="Calculation" classname="SiburTests.Calculator.LaborCostCalculatorTest" runstate="Runnable" seed="553688125" result="Failed" label="Error" start-time="2018-01-17 17:16:18Z" end-time="2018-01-17 17:16:18Z" duration="0.008057" asserts="0">
              <failure>
                <message><![CDATA[System.Reflection.ReflectionTypeLoadException : Unable to load one or more of the requested types. Retrieve the LoaderExceptions property for more information.
  ----> System.BadImageFormatException : Could not load file or assembly 'SharpSvn, Version=1.8017.3940.496, Culture=neutral, PublicKeyToken=d729672594885a28' or one of its dependencies. Была сделана попытка загрузить программу, имеющую неверный формат.
  ----> System.BadImageFormatException : Could not load file or assembly 'SharpSvn, Version=1.8017.3940.496, Culture=neutral, PublicKeyToken=d729672594885a28' or one of its dependencies. Была сделана попытка загрузить программу, имеющую неверный формат.
  ----> System.BadImageFormatException : Could not load file or assembly 'SharpSvn, Version=1.8017.3940.496, Culture=neutral, PublicKeyToken=d729672594885a28' or one of its dependencies. Была сделана попытка загрузить программу, имеющую неверный формат.
  ----> System.BadImageFormatException : Could not load file or assembly 'SharpSvn, Version=1.8017.3940.496, Culture=neutral, PublicKeyToken=d729672594885a28' or one of its dependencies. Была сделана попытка загрузить программу, имеющую неверный формат.
  ----> System.BadImageFormatException : Could not load file or assembly 'SharpSvn, Version=1.8017.3940.496, Culture=neutral, PublicKeyToken=d729672594885a28' or one of its dependencies. Была сделана попытка загрузить программу, имеющую неверный формат.
  ----> System.BadImageFormatException : Could not load file or assembly 'SharpSvn, Version=1.8017.3940.496, Culture=neutral, PublicKeyToken=d729672594885a28' or one of its dependencies. Была сделана попытка загрузить программу, имеющую неверный формат.
  ----> System.BadImageFormatException : Could not load file or assembly 'SharpSvn, Version=1.8017.3940.496, Culture=neutral, PublicKeyToken=d729672594885a28' or one of its dependencies. Была сделана попытка загрузить программу, имеющую неверный формат.
  ----> System.BadImageFormatException : Could not load file or assembly 'SharpSvn, Version=1.8017.3940.496, Culture=neutral, PublicKeyToken=d729672594885a28' or one of its dependencies. Была сделана попытка загрузить программу, имеющую неверный формат.
  ----> System.BadImageFormatException : Could not load file or assembly 'SharpSvn, Version=1.8009.3299.43, Culture=neutral, PublicKeyToken=d729672594885a28' or one of its dependencies. Была сделана попытка загрузить программу, имеющую неверный формат.
  ----> System.BadImageFormatException : Could not load file or assembly 'SharpSvn, Version=1.8009.3299.43, Culture=neutral, PublicKeyToken=d729672594885a28' or one of its dependencies. Была сделана попытка загрузить программу, имеющую неверный формат.
  ----> System.BadImageFormatException : Could not load file or assembly 'SharpSvn, Version=1.8009.3299.43, Culture=neutral, PublicKeyToken=d729672594885a28' or one of its dependencies. Была сделана попытка загрузить программу, имеющую неверный формат.
  ----> System.BadImageFormatException : Could not load file or assembly 'SharpSvn, Version=1.8009.3299.43, Culture=neutral, PublicKeyToken=d729672594885a28' or one of its dependencies. Была сделана попытка загрузить программу, имеющую неверный формат.
  ----> System.BadImageFormatException : Could not load file or assembly 'SharpSvn, Version=1.8009.3299.43, Culture=neutral, PublicKeyToken=d729672594885a28' or one of its dependencies. Была сделана попытка загрузить программу, имеющую неверный формат.
  ----> System.BadImageFormatException : Could not load file or assembly 'SharpSvn, Version=1.8009.3299.43, Culture=neutral, PublicKeyToken=d729672594885a28' or one of its dependencies. Была сделана попытка загрузить программу, имеющую неверный формат.
  ----> System.BadImageFormatException : Could not load file or assembly 'SharpSvn, Version=1.8009.3299.43, Culture=neutral, PublicKeyToken=d729672594885a28' or one of its dependencies. Была сделана попытка загрузить программу, имеющую неверный формат.
  ----> System.BadImageFormatException : Could not load file or assembly 'SharpSvn, Version=1.8009.3299.43, Culture=neutral, PublicKeyToken=d729672594885a28' or one of its dependencies. Была сделана попытка загрузить программу, имеющую неверный формат.]]></message>
                <stack-trace><![CDATA[   at System.Reflection.RuntimeModule.GetTypes(RuntimeModule module)
   at System.Reflection.Assembly.GetTypes()
   at Terrasoft.Common.ReflectionUtilities.FindTypeByShortName(Assembly assembly, String name)
   at Terrasoft.Core.SchemaManagerItem`1.get_TypeName()
   at Terrasoft.Core.SchemaManager`1.InitializeCoreSchemaLocalizableValues(ISchemaManagerItem`1 schemaManagerItem)
   at Terrasoft.Core.SchemaManager`1.AddCoreSchema(Guid uid, String name, Guid parenSchemaUId, Assembly assembly, Guid[] referenceSchemaUIds)
   at Terrasoft.Core.Entities.SystemEntitySchemaManager.InitializeItems()
   at Terrasoft.Core.Entities.EntitySchemaManager.Initialize(SchemaManagerProvider provider, SchemaManagerProviderConfigurationElement configuration)
   at Terrasoft.Core.SchemaManagerProvider.InitializeSystemSchemaManager(String systemSchemaManagerName)
   at Terrasoft.Core.SchemaManagerProvider.InitializeSchemaManager(String managerName)
   at Terrasoft.Core.SchemaManagerProvider.GetManager(String managerName)
   at Terrasoft.Core.Entities.Entity.get_EntitySchemaManager()
   at Terrasoft.Core.Entities.Entity.get_Schema()
   at Terrasoft.Core.Entities.Entity.get_ColumnValues()
   at Terrasoft.Core.Entities.Entity.IsColumnValueLoaded(String valueName)
   at Terrasoft.Core.SchemaManager`1.InitializeItems(Guid itemUId)
   at Terrasoft.Core.SchemaManager`1.InitializeItems()
   at Terrasoft.Core.Entities.EntitySchemaManager.Initialize(SchemaManagerProvider provider, SchemaManagerProviderConfigurationElement configuration)
   at Terrasoft.Core.SchemaManagerProvider.InitializeSchemaManager(String managerName)
   at Terrasoft.Core.SchemaManagerProvider.GetManager(String managerName)
   at Terrasoft.Core.UserConnection.get_EntitySchemaManager()
   at SiburTests.Helper.WorkOrderCreator.CreateWorkOrderWithRandowPlanFact(Decimal plan, Decimal fact) in C:\Dev\Sibur_D\Sibur_D\SiburTests\Helper\WorkOrderCreator.cs:line 67
   at SiburTests.Helper.WorkOrderCreator.createWorkOrdersWithRandomPlanFact(Decimal plan, Decimal fact, Int32 step, Int32 count) in C:\Dev\Sibur_D\Sibur_D\SiburTests\Helper\WorkOrderCreator.cs:line 57
   at SiburTests.Helper.WorkOrderCreator.CreateNewWorkWithWorkOrder(Decimal plan, Decimal fact, Int32 step, Int32 count) in C:\Dev\Sibur_D\Sibur_D\SiburTests\Helper\WorkOrderCreator.cs:line 15
   at SiburTests.Calculator.LaborCostCalculatorTest.<>c__DisplayClass0_0.<Calculation>b__0() in C:\Dev\Sibur_D\Sibur_D\SiburTests\Calculator\LaborCostCalculatorTest.cs:line 27
   at Sibur_D.Core.Connection.ConnectionProvider.DoWith[T](Object connection, Func`1 predicate, T defaultValue, Action`1 onErrorAction) in C:\Dev\Sibur_D\Sibur_D\Sibur_D\Core\Connection\ConnectionProvider.cs:line 102
   at SiburTests.Calculator.LaborCostCalculatorTest.Calculation(Double plan, Double fact, Int32 step) in C:\Dev\Sibur_D\Sibur_D\SiburTests\Calculator\LaborCostCalculatorTest.cs:line 25
--BadImageFormatException

--BadImageFormatException

--BadImageFormatException

--BadImageFormatException

--BadImageFormatException

--BadImageFormatException

--BadImageFormatException

--BadImageFormatException

--BadImageFormatException

--BadImageFormatException

--BadImageFormatException

--BadImageFormatException

--BadImageFormatException

--BadImageFormatException

--BadImageFormatException

--BadImageFormatException
]]></stack-trace>
              </failure>
            </test-case>
            <test-case id="0-1007" name="Calculation(62.3773068866587d,297.963877347281d,85)" fullname="SiburTests.Calculator.LaborCostCalculatorTest.Calculation(62.3773068866587d,297.963877347281d,85)" methodname="Calculation" classname="SiburTests.Calculator.LaborCostCalculatorTest" runstate="Runnable" seed="1066610272" result="Failed" label="Error" start-time="2018-01-17 17:16:18Z" end-time="2018-01-17 17:16:18Z" duration="0.004002" asserts="0">
              <failure>
                <message><![CDATA[System.Reflection.ReflectionTypeLoadException : Unable to load one or more of the requested types. Retrieve the LoaderExceptions property for more information.
  ----> System.BadImageFormatException : Could not load file or assembly 'SharpSvn, Version=1.8017.3940.496, Culture=neutral, PublicKeyToken=d729672594885a28' or one of its dependencies. Была сделана попытка загрузить программу, имеющую неверный формат.
  ----> System.BadImageFormatException : Could not load file or assembly 'SharpSvn, Version=1.8017.3940.496, Culture=neutral, PublicKeyToken=d729672594885a28' or one of its dependencies. Была сделана попытка загрузить программу, имеющую неверный формат.
  ----> System.BadImageFormatException : Could not load file or assembly 'SharpSvn, Version=1.8017.3940.496, Culture=neutral, PublicKeyToken=d729672594885a28' or one of its dependencies. Была сделана попытка загрузить программу, имеющую неверный формат.
  ----> System.BadImageFormatException : Could not load file or assembly 'SharpSvn, Version=1.8017.3940.496, Culture=neutral, PublicKeyToken=d729672594885a28' or one of its dependencies. Была сделана попытка загрузить программу, имеющую неверный формат.
  ----> System.BadImageFormatException : Could not load file or assembly 'SharpSvn, Version=1.8017.3940.496, Culture=neutral, PublicKeyToken=d729672594885a28' or one of its dependencies. Была сделана попытка загрузить программу, имеющую неверный формат.
  ----> System.BadImageFormatException : Could not load file or assembly 'SharpSvn, Version=1.8017.3940.496, Culture=neutral, PublicKeyToken=d729672594885a28' or one of its dependencies. Была сделана попытка загрузить программу, имеющую неверный формат.
  ----> System.BadImageFormatException : Could not load file or assembly 'SharpSvn, Version=1.8017.3940.496, Culture=neutral, PublicKeyToken=d729672594885a28' or one of its dependencies. Была сделана попытка загрузить программу, имеющую неверный формат.
  ----> System.BadImageFormatException : Could not load file or assembly 'SharpSvn, Version=1.8017.3940.496, Culture=neutral, PublicKeyToken=d729672594885a28' or one of its dependencies. Была сделана попытка загрузить программу, имеющую неверный формат.
  ----> System.BadImageFormatException : Could not load file or assembly 'SharpSvn, Version=1.8009.3299.43, Culture=neutral, PublicKeyToken=d729672594885a28' or one of its dependencies. Была сделана попытка загрузить программу, имеющую неверный формат.
  ----> System.BadImageFormatException : Could not load file or assembly 'SharpSvn, Version=1.8009.3299.43, Culture=neutral, PublicKeyToken=d729672594885a28' or one of its dependencies. Была сделана попытка загрузить программу, имеющую неверный формат.
  ----> System.BadImageFormatException : Could not load file or assembly 'SharpSvn, Version=1.8009.3299.43, Culture=neutral, PublicKeyToken=d729672594885a28' or one of its dependencies. Была сделана попытка загрузить программу, имеющую неверный формат.
  ----> System.BadImageFormatException : Could not load file or assembly 'SharpSvn, Version=1.8009.3299.43, Culture=neutral, PublicKeyToken=d729672594885a28' or one of its dependencies. Была сделана попытка загрузить программу, имеющую неверный формат.
  ----> System.BadImageFormatException : Could not load file or assembly 'SharpSvn, Version=1.8009.3299.43, Culture=neutral, PublicKeyToken=d729672594885a28' or one of its dependencies. Была сделана попытка загрузить программу, имеющую неверный формат.
  ----> System.BadImageFormatException : Could not load file or assembly 'SharpSvn, Version=1.8009.3299.43, Culture=neutral, PublicKeyToken=d729672594885a28' or one of its dependencies. Была сделана попытка загрузить программу, имеющую неверный формат.
  ----> System.BadImageFormatException : Could not load file or assembly 'SharpSvn, Version=1.8009.3299.43, Culture=neutral, PublicKeyToken=d729672594885a28' or one of its dependencies. Была сделана попытка загрузить программу, имеющую неверный формат.
  ----> System.BadImageFormatException : Could not load file or assembly 'SharpSvn, Version=1.8009.3299.43, Culture=neutral, PublicKeyToken=d729672594885a28' or one of its dependencies. Была сделана попытка загрузить программу, имеющую неверный формат.]]></message>
                <stack-trace><![CDATA[   at System.Reflection.RuntimeModule.GetTypes(RuntimeModule module)
   at System.Reflection.Assembly.GetTypes()
   at Terrasoft.Common.ReflectionUtilities.FindTypeByShortName(Assembly assembly, String name)
   at Terrasoft.Core.SchemaManagerItem`1.get_TypeName()
   at Terrasoft.Core.SchemaManager`1.InitializeCoreSchemaLocalizableValues(ISchemaManagerItem`1 schemaManagerItem)
   at Terrasoft.Core.SchemaManager`1.AddCoreSchema(Guid uid, String name, Guid parenSchemaUId, Assembly assembly, Guid[] referenceSchemaUIds)
   at Terrasoft.Core.Entities.SystemEntitySchemaManager.InitializeItems()
   at Terrasoft.Core.Entities.EntitySchemaManager.Initialize(SchemaManagerProvider provider, SchemaManagerProviderConfigurationElement configuration)
   at Terrasoft.Core.SchemaManagerProvider.InitializeSystemSchemaManager(String systemSchemaManagerName)
   at Terrasoft.Core.SchemaManagerProvider.InitializeSchemaManager(String managerName)
   at Terrasoft.Core.SchemaManagerProvider.GetManager(String managerName)
   at Terrasoft.Core.Entities.Entity.get_EntitySchemaManager()
   at Terrasoft.Core.Entities.Entity.get_Schema()
   at Terrasoft.Core.Entities.Entity.get_ColumnValues()
   at Terrasoft.Core.Entities.Entity.IsColumnValueLoaded(String valueName)
   at Terrasoft.Core.SchemaManager`1.InitializeItems(Guid itemUId)
   at Terrasoft.Core.SchemaManager`1.InitializeItems()
   at Terrasoft.Core.Entities.EntitySchemaManager.Initialize(SchemaManagerProvider provider, SchemaManagerProviderConfigurationElement configuration)
   at Terrasoft.Core.SchemaManagerProvider.InitializeSchemaManager(String managerName)
   at Terrasoft.Core.SchemaManagerProvider.GetManager(String managerName)
   at Terrasoft.Core.UserConnection.get_EntitySchemaManager()
   at SiburTests.Helper.WorkOrderCreator.CreateWorkOrderWithRandowPlanFact(Decimal plan, Decimal fact) in C:\Dev\Sibur_D\Sibur_D\SiburTests\Helper\WorkOrderCreator.cs:line 67
   at SiburTests.Helper.WorkOrderCreator.createWorkOrdersWithRandomPlanFact(Decimal plan, Decimal fact, Int32 step, Int32 count) in C:\Dev\Sibur_D\Sibur_D\SiburTests\Helper\WorkOrderCreator.cs:line 57
   at SiburTests.Helper.WorkOrderCreator.CreateNewWorkWithWorkOrder(Decimal plan, Decimal fact, Int32 step, Int32 count) in C:\Dev\Sibur_D\Sibur_D\SiburTests\Helper\WorkOrderCreator.cs:line 15
   at SiburTests.Calculator.LaborCostCalculatorTest.<>c__DisplayClass0_0.<Calculation>b__0() in C:\Dev\Sibur_D\Sibur_D\SiburTests\Calculator\LaborCostCalculatorTest.cs:line 27
   at Sibur_D.Core.Connection.ConnectionProvider.DoWith[T](Object connection, Func`1 predicate, T defaultValue, Action`1 onErrorAction) in C:\Dev\Sibur_D\Sibur_D\Sibur_D\Core\Connection\ConnectionProvider.cs:line 102
   at SiburTests.Calculator.LaborCostCalculatorTest.Calculation(Double plan, Double fact, Int32 step) in C:\Dev\Sibur_D\Sibur_D\SiburTests\Calculator\LaborCostCalculatorTest.cs:line 25
--BadImageFormatException

--BadImageFormatException

--BadImageFormatException

--BadImageFormatException

--BadImageFormatException

--BadImageFormatException

--BadImageFormatException

--BadImageFormatException

--BadImageFormatException

--BadImageFormatException

--BadImageFormatException

--BadImageFormatException

--BadImageFormatException

--BadImageFormatException

--BadImageFormatException

--BadImageFormatException
]]></stack-trace>
              </failure>
            </test-case>
          </test-suite>
        </test-suite>
        <test-suite type="TestFixture" id="0-1009" name="TriggerTest" fullname="SiburTests.Calculator.TriggerTest" classname="SiburTests.Calculator.TriggerTest" runstate="Runnable" testcasecount="2" result="Failed" site="Child" start-time="2018-01-17 17:16:18Z" end-time="2018-01-17 17:16:19Z" duration="0.174785" total="2" passed="1" failed="1" warnings="0" inconclusive="0" skipped="0" asserts="1">
          <failure>
            <message><![CDATA[One or more child tests had errors]]></message>
          </failure>
          <test-case id="0-1011" name="QueueRun" fullname="SiburTests.Calculator.TriggerTest.QueueRun" methodname="QueueRun" classname="SiburTests.Calculator.TriggerTest" runstate="Runnable" seed="741857199" result="Passed" start-time="2018-01-17 17:16:18Z" end-time="2018-01-17 17:16:19Z" duration="0.168187" asserts="1" />
          <test-case id="0-1010" name="RunTriggerTest" fullname="SiburTests.Calculator.TriggerTest.RunTriggerTest" methodname="RunTriggerTest" classname="SiburTests.Calculator.TriggerTest" runstate="Runnable" seed="978442701" result="Failed" label="Error" start-time="2018-01-17 17:16:19Z" end-time="2018-01-17 17:16:19Z" duration="0.006373" asserts="0">
            <failure>
              <message><![CDATA[System.Reflection.ReflectionTypeLoadException : Unable to load one or more of the requested types. Retrieve the LoaderExceptions property for more information.
  ----> System.BadImageFormatException : Could not load file or assembly 'SharpSvn, Version=1.8017.3940.496, Culture=neutral, PublicKeyToken=d729672594885a28' or one of its dependencies. Была сделана попытка загрузить программу, имеющую неверный формат.
  ----> System.BadImageFormatException : Could not load file or assembly 'SharpSvn, Version=1.8017.3940.496, Culture=neutral, PublicKeyToken=d729672594885a28' or one of its dependencies. Была сделана попытка загрузить программу, имеющую неверный формат.
  ----> System.BadImageFormatException : Could not load file or assembly 'SharpSvn, Version=1.8017.3940.496, Culture=neutral, PublicKeyToken=d729672594885a28' or one of its dependencies. Была сделана попытка загрузить программу, имеющую неверный формат.
  ----> System.BadImageFormatException : Could not load file or assembly 'SharpSvn, Version=1.8017.3940.496, Culture=neutral, PublicKeyToken=d729672594885a28' or one of its dependencies. Была сделана попытка загрузить программу, имеющую неверный формат.
  ----> System.BadImageFormatException : Could not load file or assembly 'SharpSvn, Version=1.8017.3940.496, Culture=neutral, PublicKeyToken=d729672594885a28' or one of its dependencies. Была сделана попытка загрузить программу, имеющую неверный формат.
  ----> System.BadImageFormatException : Could not load file or assembly 'SharpSvn, Version=1.8017.3940.496, Culture=neutral, PublicKeyToken=d729672594885a28' or one of its dependencies. Была сделана попытка загрузить программу, имеющую неверный формат.
  ----> System.BadImageFormatException : Could not load file or assembly 'SharpSvn, Version=1.8017.3940.496, Culture=neutral, PublicKeyToken=d729672594885a28' or one of its dependencies. Была сделана попытка загрузить программу, имеющую неверный формат.
  ----> System.BadImageFormatException : Could not load file or assembly 'SharpSvn, Version=1.8017.3940.496, Culture=neutral, PublicKeyToken=d729672594885a28' or one of its dependencies. Была сделана попытка загрузить программу, имеющую неверный формат.
  ----> System.BadImageFormatException : Could not load file or assembly 'SharpSvn, Version=1.8009.3299.43, Culture=neutral, PublicKeyToken=d729672594885a28' or one of its dependencies. Была сделана попытка загрузить программу, имеющую неверный формат.
  ----> System.BadImageFormatException : Could not load file or assembly 'SharpSvn, Version=1.8009.3299.43, Culture=neutral, PublicKeyToken=d729672594885a28' or one of its dependencies. Была сделана попытка загрузить программу, имеющую неверный формат.
  ----> System.BadImageFormatException : Could not load file or assembly 'SharpSvn, Version=1.8009.3299.43, Culture=neutral, PublicKeyToken=d729672594885a28' or one of its dependencies. Была сделана попытка загрузить программу, имеющую неверный формат.
  ----> System.BadImageFormatException : Could not load file or assembly 'SharpSvn, Version=1.8009.3299.43, Culture=neutral, PublicKeyToken=d729672594885a28' or one of its dependencies. Была сделана попытка загрузить программу, имеющую неверный формат.
  ----> System.BadImageFormatException : Could not load file or assembly 'SharpSvn, Version=1.8009.3299.43, Culture=neutral, PublicKeyToken=d729672594885a28' or one of its dependencies. Была сделана попытка загрузить программу, имеющую неверный формат.
  ----> System.BadImageFormatException : Could not load file or assembly 'SharpSvn, Version=1.8009.3299.43, Culture=neutral, PublicKeyToken=d729672594885a28' or one of its dependencies. Была сделана попытка загрузить программу, имеющую неверный формат.
  ----> System.BadImageFormatException : Could not load file or assembly 'SharpSvn, Version=1.8009.3299.43, Culture=neutral, PublicKeyToken=d729672594885a28' or one of its dependencies. Была сделана попытка загрузить программу, имеющую неверный формат.
  ----> System.BadImageFormatException : Could not load file or assembly 'SharpSvn, Version=1.8009.3299.43, Culture=neutral, PublicKeyToken=d729672594885a28' or one of its dependencies. Была сделана попытка загрузить программу, имеющую неверный формат.]]></message>
              <stack-trace><![CDATA[   at System.Reflection.RuntimeModule.GetTypes(RuntimeModule module)
   at System.Reflection.Assembly.GetTypes()
   at Terrasoft.Common.ReflectionUtilities.FindTypeByShortName(Assembly assembly, String name)
   at Terrasoft.Core.SchemaManagerItem`1.get_TypeName()
   at Terrasoft.Core.SchemaManager`1.InitializeCoreSchemaLocalizableValues(ISchemaManagerItem`1 schemaManagerItem)
   at Terrasoft.Core.SchemaManager`1.AddCoreSchema(Guid uid, String name, Guid parenSchemaUId, Assembly assembly, Guid[] referenceSchemaUIds)
   at Terrasoft.Core.Entities.SystemEntitySchemaManager.InitializeItems()
   at Terrasoft.Core.Entities.EntitySchemaManager.Initialize(SchemaManagerProvider provider, SchemaManagerProviderConfigurationElement configuration)
   at Terrasoft.Core.SchemaManagerProvider.InitializeSystemSchemaManager(String systemSchemaManagerName)
   at Terrasoft.Core.SchemaManagerProvider.InitializeSchemaManager(String managerName)
   at Terrasoft.Core.SchemaManagerProvider.GetManager(String managerName)
   at Terrasoft.Core.Entities.Entity.get_EntitySchemaManager()
   at Terrasoft.Core.Entities.Entity.get_Schema()
   at Terrasoft.Core.Entities.Entity.get_ColumnValues()
   at Terrasoft.Core.Entities.Entity.IsColumnValueLoaded(String valueName)
   at Terrasoft.Core.SchemaManager`1.InitializeItems(Guid itemUId)
   at Terrasoft.Core.SchemaManager`1.InitializeItems()
   at Terrasoft.Core.Entities.EntitySchemaManager.Initialize(SchemaManagerProvider provider, SchemaManagerProviderConfigurationElement configuration)
   at Terrasoft.Core.SchemaManagerProvider.InitializeSchemaManager(String managerName)
   at Terrasoft.Core.SchemaManagerProvider.GetManager(String managerName)
   at Terrasoft.Core.UserConnection.get_EntitySchemaManager()
   at SiburTests.Helper.WorkOrderCreator.CreateWorkOrderWithRandowPlanFact(Decimal plan, Decimal fact) in C:\Dev\Sibur_D\Sibur_D\SiburTests\Helper\WorkOrderCreator.cs:line 67
   at SiburTests.Helper.WorkOrderCreator.createWorkOrdersWithRandomPlanFact(Decimal plan, Decimal fact, Int32 step, Int32 count) in C:\Dev\Sibur_D\Sibur_D\SiburTests\Helper\WorkOrderCreator.cs:line 57
   at SiburTests.Helper.WorkOrderCreator.CreateNewWorkWithWorkOrder(Decimal plan, Decimal fact, Int32 step, Int32 count) in C:\Dev\Sibur_D\Sibur_D\SiburTests\Helper\WorkOrderCreator.cs:line 15
   at SiburTests.Calculator.TriggerTest.<>c__DisplayClass0_0.<RunTriggerTest>b__0() in C:\Dev\Sibur_D\Sibur_D\SiburTests\Calculator\TriggerTest.cs:line 29
   at Sibur_D.Core.Connection.ConnectionProvider.DoWith[T](Object connection, Func`1 predicate, T defaultValue, Action`1 onErrorAction) in C:\Dev\Sibur_D\Sibur_D\Sibur_D\Core\Connection\ConnectionProvider.cs:line 102
   at SiburTests.Calculator.TriggerTest.RunTriggerTest() in C:\Dev\Sibur_D\Sibur_D\SiburTests\Calculator\TriggerTest.cs:line 27
--BadImageFormatException

--BadImageFormatException

--BadImageFormatException

--BadImageFormatException

--BadImageFormatException

--BadImageFormatException

--BadImageFormatException

--BadImageFormatException

--BadImageFormatException

--BadImageFormatException

--BadImageFormatException

--BadImageFormatException

--BadImageFormatException

--BadImageFormatException

--BadImageFormatException

--BadImageFormatException
]]></stack-trace>
            </failure>
          </test-case>
        </test-suite>
      </test-suite>
      <test-suite type="TestSuite" id="0-1014" name="Settings" fullname="SiburTests.Settings" runstate="Runnable" testcasecount="1" result="Failed" site="Child" start-time="2018-01-17 17:16:18Z" end-time="2018-01-17 17:16:19Z" duration="0.433028" total="1" passed="0" failed="1" warnings="0" inconclusive="0" skipped="0" asserts="0">
        <failure>
          <message><![CDATA[One or more child tests had errors]]></message>
        </failure>
        <test-suite type="TestFixture" id="0-1001" name="SettingsTest" fullname="SiburTests.Settings.SettingsTest" classname="SiburTests.Settings.SettingsTest" runstate="Runnable" testcasecount="1" result="Failed" site="Child" start-time="2018-01-17 17:16:19Z" end-time="2018-01-17 17:16:19Z" duration="0.010355" total="1" passed="0" failed="1" warnings="0" inconclusive="0" skipped="0" asserts="0">
          <failure>
            <message><![CDATA[One or more child tests had errors]]></message>
          </failure>
          <test-case id="0-1002" name="SysSetting_TsiLaborCostRelationMapping_Exist" fullname="SiburTests.Settings.SettingsTest.SysSetting_TsiLaborCostRelationMapping_Exist" methodname="SysSetting_TsiLaborCostRelationMapping_Exist" classname="SiburTests.Settings.SettingsTest" runstate="Runnable" seed="1708983169" result="Failed" label="Error" start-time="2018-01-17 17:16:19Z" end-time="2018-01-17 17:16:19Z" duration="0.010195" asserts="0">
            <failure>
              <message><![CDATA[System.NullReferenceException : Object reference not set to an instance of an object.]]></message>
              <stack-trace><![CDATA[   at Terrasoft.Core.UserConnection.get_CurrentUserForGetSysSettingsFromDB()
   at Terrasoft.Core.UserConnection.GetAllCacheableSettingsValuesFromDB()
   at Terrasoft.Core.UserConnection.TryGetSettingsValueFromCache(String settingsCode, Object& value)
   at Terrasoft.Core.UserConnection.TryGetSettingsValue(String settingsCode, Object& value)
   at Terrasoft.Core.UserConnection.GetSettingsValue[T](String settingsCode, T defaultValue)
   at SiburTests.Settings.SettingsTest.SysSetting_TsiLaborCostRelationMapping_Exist() in C:\Dev\Sibur_D\Sibur_D\SiburTests\Settings\SettingsTest.cs:line 20]]></stack-trace>
            </failure>
          </test-case>
        </test-suite>
      </test-suite>
    </test-suite>
  </test-suite>
</test-run>